Using pre-set license
Built from '2020.3/staging' branch; Version is '2020.3.19f1 (68f137dc9bbe) revision 6877495'; Using compiler version '192528614'; Build Type 'Release'
OS: 'Windows 10 Pro; OS build 22000.613; Version 2009; 64bit' Language: 'en' Physical Memory: 16335 MB
BatchMode: 1, IsHumanControllingUs: 0, StartBugReporterOnCrash: 0, Is64bit: 1, IsPro: 0

COMMAND LINE ARGUMENTS:
D:\Unity\2020.3.19f1\Editor\Unity.exe
-adb2
-batchMode
-noUpm
-name
AssetImportWorker0
-projectPath
D:/Unity/Games/Music Game/An-Untitled-Sonata-Repo
-logFile
Logs/AssetImportWorker0.log
-srvPort
62559
Successfully changed project path to: D:/Unity/Games/Music Game/An-Untitled-Sonata-Repo
D:/Unity/Games/Music Game/An-Untitled-Sonata-Repo
Using Asset Import Pipeline V2.
Refreshing native plugins compatible for Editor in 82.82 ms, found 4 plugins.
Preloading 0 native plugins for Editor in 0.00 ms.
Initialize engine version: 2020.3.19f1 (68f137dc9bbe)
[Subsystems] Discovering subsystems at path D:/Unity/2020.3.19f1/Editor/Data/Resources/UnitySubsystems
[Subsystems] Discovering subsystems at path D:/Unity/Games/Music Game/An-Untitled-Sonata-Repo/Assets
GfxDevice: creating device client; threaded=0
Direct3D:
    Version:  Direct3D 11.0 [level 11.1]
    Renderer: NVIDIA GeForce GTX 1650 SUPER (ID=0x2187)
    Vendor:   
    VRAM:     3955 MB
    Driver:   30.0.15.1259
Initialize mono
Mono path[0] = 'D:/Unity/2020.3.19f1/Editor/Data/Managed'
Mono path[1] = 'D:/Unity/2020.3.19f1/Editor/Data/MonoBleedingEdge/lib/mono/unityjit'
Mono config path = 'D:/Unity/2020.3.19f1/Editor/Data/MonoBleedingEdge/etc'
Using monoOptions --debugger-agent=transport=dt_socket,embedding=1,server=y,suspend=n,address=127.0.0.1:56372
Begin MonoManager ReloadAssembly
Registering precompiled unity dll's ...
Register platform support module: D:/Unity/2020.3.19f1/Editor/Data/PlaybackEngines/WebGLSupport/UnityEditor.WebGL.Extensions.dll
Register platform support module: D:/Unity/2020.3.19f1/Editor/Data/PlaybackEngines/WindowsStandaloneSupport/UnityEditor.WindowsStandalone.Extensions.dll
Registered in 0.001370 seconds.
Native extension for WindowsStandalone target not found
Native extension for WebGL target not found
Refreshing native plugins compatible for Editor in 66.54 ms, found 4 plugins.
Preloading 0 native plugins for Editor in 0.00 ms.
Mono: successfully reloaded assembly
- Completed reload, in  2.026 seconds
Domain Reload Profiling:
	ReloadAssembly (2027ms)
		BeginReloadAssembly (53ms)
			ExecutionOrderSort (0ms)
			DisableScriptedObjects (0ms)
			BackupInstance (0ms)
			ReleaseScriptingObjects (0ms)
			CreateAndSetChildDomain (1ms)
		EndReloadAssembly (400ms)
			LoadAssemblies (53ms)
			RebuildTransferFunctionScriptingTraits (0ms)
			SetupTypeCache (130ms)
			ReleaseScriptCaches (0ms)
			RebuildScriptCaches (25ms)
			SetupLoadedEditorAssemblies (184ms)
				LogAssemblyErrors (0ms)
				InitializePlatformSupportModulesInManaged (4ms)
				SetLoadedEditorAssemblies (0ms)
				RefreshPlugins (67ms)
				BeforeProcessingInitializeOnLoad (14ms)
				ProcessInitializeOnLoadAttributes (75ms)
				ProcessInitializeOnLoadMethodAttributes (25ms)
				AfterProcessingInitializeOnLoad (0ms)
				EditorAssembliesLoaded (0ms)
			ExecutionOrderSort2 (0ms)
			AwakeInstancesAfterBackupRestoration (0ms)
Platform modules already initialized, skipping
Registering precompiled user dll's ...
Registered in 0.005059 seconds.
Begin MonoManager ReloadAssembly
Native extension for WindowsStandalone target not found
Native extension for WebGL target not found
Refreshing native plugins compatible for Editor in 1.09 ms, found 4 plugins.
Preloading 0 native plugins for Editor in 0.00 ms.
Mono: successfully reloaded assembly
- Completed reload, in  0.909 seconds
Domain Reload Profiling:
	ReloadAssembly (910ms)
		BeginReloadAssembly (133ms)
			ExecutionOrderSort (0ms)
			DisableScriptedObjects (4ms)
			BackupInstance (0ms)
			ReleaseScriptingObjects (0ms)
			CreateAndSetChildDomain (16ms)
		EndReloadAssembly (726ms)
			LoadAssemblies (87ms)
			RebuildTransferFunctionScriptingTraits (0ms)
			SetupTypeCache (247ms)
			ReleaseScriptCaches (0ms)
			RebuildScriptCaches (46ms)
			SetupLoadedEditorAssemblies (278ms)
				LogAssemblyErrors (0ms)
				InitializePlatformSupportModulesInManaged (5ms)
				SetLoadedEditorAssemblies (0ms)
				RefreshPlugins (1ms)
				BeforeProcessingInitializeOnLoad (66ms)
				ProcessInitializeOnLoadAttributes (199ms)
				ProcessInitializeOnLoadMethodAttributes (5ms)
				AfterProcessingInitializeOnLoad (2ms)
				EditorAssembliesLoaded (0ms)
			ExecutionOrderSort2 (0ms)
			AwakeInstancesAfterBackupRestoration (5ms)
Platform modules already initialized, skipping
========================================================================
Worker process is ready to serve import requests
Launched and connected shader compiler UnityShaderCompiler.exe after 0.08 seconds
Refreshing native plugins compatible for Editor in 1.12 ms, found 4 plugins.
Preloading 0 native plugins for Editor in 0.00 ms.
Unloading 2096 Unused Serialized files (Serialized files now loaded: 0)
System memory in use before: 136.0 MB.
System memory in use after: 135.8 MB.

Unloading 74 unused Assets to reduce memory usage. Loaded Objects now: 2507.
Total: 3.237600 ms (FindLiveObjects: 0.202000 ms CreateObjectMapping: 0.048100 ms MarkObjects: 2.646200 ms  DeleteObjects: 0.340400 ms)

AssetImportParameters requested are different than current active one (requested -> active):
  custom:framework-win-MediaFoundation: 216162199b28c13a410421893ffa2e32 -> 
  custom:video-decoder-ogg-theora: a1e56fd34408186e4bbccfd4996cb3dc -> 
  custom:container-muxer-webm: aa71ff27fc2769a1b78a27578f13a17b -> 
  custom:container-demuxer-webm: 4f35f7cbe854078d1ac9338744f61a02 -> 
  custom:container-demuxer-ogg: 62fdf1f143b41e24485cea50d1cbac27 -> 
  custom:video-encoder-webm-vp8: eb34c28f22e8b96e1ab97ce403110664 -> 
  custom:video-decoder-webm-vp8: 9c59270c3fd7afecdb556c50c9e8de78 -> 
  custom:audio-decoder-ogg-vorbis: bf7c407c2cedff20999df2af8eb42d56 -> 
  custom:audio-encoder-webm-vorbis: bf7c407c2cedff20999df2af8eb42d56 -> 
========================================================================
Received Import Request.
  path: Assets/Scenes/RealLevels/Level1/Level1.unity
  artifactKey: Guid(04960d9bee318af47b90476ddb8265c9) Importer(815301076,1909f56bfc062723c751e8b465ee728b)
Start importing Assets/Scenes/RealLevels/Level1/Level1.unity using Guid(04960d9bee318af47b90476ddb8265c9) Importer(815301076,1909f56bfc062723c751e8b465ee728b)  -> (artifact id: '19cc252301206aae506b0009f972e858') in 0.026071 seconds 
  Import took 0.029334 seconds .

========================================================================
Received Prepare
Registering precompiled user dll's ...
Registered in 0.005571 seconds.
Begin MonoManager ReloadAssembly
Native extension for WindowsStandalone target not found
Native extension for WebGL target not found
Refreshing native plugins compatible for Editor in 1.31 ms, found 4 plugins.
Preloading 0 native plugins for Editor in 0.00 ms.
Mono: successfully reloaded assembly
- Completed reload, in  1.053 seconds
Domain Reload Profiling:
	ReloadAssembly (1054ms)
		BeginReloadAssembly (125ms)
			ExecutionOrderSort (0ms)
			DisableScriptedObjects (4ms)
			BackupInstance (0ms)
			ReleaseScriptingObjects (0ms)
			CreateAndSetChildDomain (33ms)
		EndReloadAssembly (871ms)
			LoadAssemblies (99ms)
			RebuildTransferFunctionScriptingTraits (0ms)
			SetupTypeCache (288ms)
			ReleaseScriptCaches (1ms)
			RebuildScriptCaches (49ms)
			SetupLoadedEditorAssemblies (336ms)
				LogAssemblyErrors (0ms)
				InitializePlatformSupportModulesInManaged (7ms)
				SetLoadedEditorAssemblies (1ms)
				RefreshPlugins (1ms)
				BeforeProcessingInitializeOnLoad (77ms)
				ProcessInitializeOnLoadAttributes (243ms)
				ProcessInitializeOnLoadMethodAttributes (6ms)
				AfterProcessingInitializeOnLoad (2ms)
				EditorAssembliesLoaded (0ms)
			ExecutionOrderSort2 (0ms)
			AwakeInstancesAfterBackupRestoration (9ms)
Platform modules already initialized, skipping
Refreshing native plugins compatible for Editor in 1.69 ms, found 4 plugins.
Preloading 0 native plugins for Editor in 0.00 ms.
Unloading 1954 Unused Serialized files (Serialized files now loaded: 0)
System memory in use before: 122.4 MB.
System memory in use after: 122.1 MB.

Unloading 69 unused Assets to reduce memory usage. Loaded Objects now: 2509.
Total: 3.550900 ms (FindLiveObjects: 0.227800 ms CreateObjectMapping: 0.051600 ms MarkObjects: 2.926300 ms  DeleteObjects: 0.344200 ms)

AssetImportParameters requested are different than current active one (requested -> active):
  custom:framework-win-MediaFoundation: 216162199b28c13a410421893ffa2e32 -> 
  custom:video-decoder-ogg-theora: a1e56fd34408186e4bbccfd4996cb3dc -> 
  custom:container-muxer-webm: aa71ff27fc2769a1b78a27578f13a17b -> 
  custom:container-demuxer-webm: 4f35f7cbe854078d1ac9338744f61a02 -> 
  custom:container-demuxer-ogg: 62fdf1f143b41e24485cea50d1cbac27 -> 
  custom:video-encoder-webm-vp8: eb34c28f22e8b96e1ab97ce403110664 -> 
  custom:video-decoder-webm-vp8: 9c59270c3fd7afecdb556c50c9e8de78 -> 
  custom:audio-decoder-ogg-vorbis: bf7c407c2cedff20999df2af8eb42d56 -> 
  custom:audio-encoder-webm-vorbis: bf7c407c2cedff20999df2af8eb42d56 -> 
========================================================================
Received Import Request.
  Time since last request: 157.996672 seconds.
  path: Assets/Scenes/RealLevels/Credits
  artifactKey: Guid(3faf171372d86cd4abc4cad922debf29) Importer(815301076,1909f56bfc062723c751e8b465ee728b)
Start importing Assets/Scenes/RealLevels/Credits using Guid(3faf171372d86cd4abc4cad922debf29) Importer(815301076,1909f56bfc062723c751e8b465ee728b)  -> (artifact id: '68307a4d00d6cec1229de73ce086c3ab') in 0.007722 seconds 
  Import took 0.011242 seconds .

========================================================================
Received Import Request.
  Time since last request: 6.582648 seconds.
  path: Assets/Scenes/RealLevels/Credits/Credits.unity
  artifactKey: Guid(9a6e99d0aaaf8ec489b7a100680ff4c6) Importer(815301076,1909f56bfc062723c751e8b465ee728b)
Start importing Assets/Scenes/RealLevels/Credits/Credits.unity using Guid(9a6e99d0aaaf8ec489b7a100680ff4c6) Importer(815301076,1909f56bfc062723c751e8b465ee728b)  -> (artifact id: '0fccd634f813ee910b52f1a7ac6f133f') in 0.028141 seconds 
  Import took 0.031419 seconds .

========================================================================
Received Import Request.
  Time since last request: 175.112150 seconds.
  path: Assets/Scenes/RealLevels/Credits/Credits.unity
  artifactKey: Guid(9a6e99d0aaaf8ec489b7a100680ff4c6) Importer(815301076,1909f56bfc062723c751e8b465ee728b)
Start importing Assets/Scenes/RealLevels/Credits/Credits.unity using Guid(9a6e99d0aaaf8ec489b7a100680ff4c6) Importer(815301076,1909f56bfc062723c751e8b465ee728b)  -> (artifact id: 'afd39b048402260906c2669c1d7c8d53') in 0.002069 seconds 
  Import took 0.005123 seconds .

========================================================================
Received Import Request.
  Time since last request: 70.233670 seconds.
  path: Assets/Flooded_Grounds/Prefabs/Sounds/2D_Background.prefab
  artifactKey: Guid(6bdc6aa17790f464bbae0911783dbf7c) Importer(815301076,1909f56bfc062723c751e8b465ee728b)
Start importing Assets/Flooded_Grounds/Prefabs/Sounds/2D_Background.prefab using Guid(6bdc6aa17790f464bbae0911783dbf7c) Importer(815301076,1909f56bfc062723c751e8b465ee728b)  -> (artifact id: '7dcaadc7bc7a9d9129bf40158912eaca') in 0.034584 seconds 
  Import took 0.037882 seconds .

========================================================================
Received Import Request.
  Time since last request: 0.000176 seconds.
  path: Assets/Plugins/FMOD/Cache/Editor/FMODStudioCache.asset
  artifactKey: Guid(40b32f5ed4edb8c45958569cd4692c87) Importer(815301076,1909f56bfc062723c751e8b465ee728b)
Start importing Assets/Plugins/FMOD/Cache/Editor/FMODStudioCache.asset using Guid(40b32f5ed4edb8c45958569cd4692c87) Importer(815301076,1909f56bfc062723c751e8b465ee728b)  -> (artifact id: '12abacebdca13a085a24281955a4a80b') in 0.052326 seconds 
  Import took 0.055686 seconds .

========================================================================
Received Import Request.
  Time since last request: 0.000148 seconds.
  path: Assets/Imported Assets/NatureStarterKit2/Textures/ground03.tga
  artifactKey: Guid(5edd0aaa57578b84da829c036eecf914) Importer(815301076,1909f56bfc062723c751e8b465ee728b)
Start importing Assets/Imported Assets/NatureStarterKit2/Textures/ground03.tga using Guid(5edd0aaa57578b84da829c036eecf914) Importer(815301076,1909f56bfc062723c751e8b465ee728b)  -> (artifact id: '20c9fb30b84ad3c7693eee668c654c0e') in 0.263064 seconds 
  Import took 0.265779 seconds .

========================================================================
Received Import Request.
  Time since last request: 0.000174 seconds.
  path: Assets/BrokenVector/LowPolyBrickHouses/Textures/GroundDirtNormal.png
  artifactKey: Guid(ec99ae2a9a160514aa854d65810dafb2) Importer(815301076,1909f56bfc062723c751e8b465ee728b)
Start importing Assets/BrokenVector/LowPolyBrickHouses/Textures/GroundDirtNormal.png using Guid(ec99ae2a9a160514aa854d65810dafb2) Importer(815301076,1909f56bfc062723c751e8b465ee728b)  -> (artifact id: '8f2beee512346e514ab2a9f0b6b99e8e') in 0.126662 seconds 
  Import took 0.129992 seconds .

========================================================================
Received Import Request.
  Time since last request: 0.000275 seconds.
  path: Assets/Imported Assets/NatureStarterKit2/Textures/ground03.psd
  artifactKey: Guid(8d1a7eedfea109c4f892a29974c0b440) Importer(815301076,1909f56bfc062723c751e8b465ee728b)
Start importing Assets/Imported Assets/NatureStarterKit2/Textures/ground03.psd using Guid(8d1a7eedfea109c4f892a29974c0b440) Importer(815301076,1909f56bfc062723c751e8b465ee728b)  -> (artifact id: 'bece8d3bf934e24678821b8c94b421a2') in 0.070746 seconds 
  Import took 0.074106 seconds .

========================================================================
Received Import Request.
  Time since last request: 0.000196 seconds.
  path: Assets/BrokenVector/LowPolyBrickHouses/Textures/GroundSandColor.png
  artifactKey: Guid(ec8cde6f59db0f6479f5536bacba3e46) Importer(815301076,1909f56bfc062723c751e8b465ee728b)
Start importing Assets/BrokenVector/LowPolyBrickHouses/Textures/GroundSandColor.png using Guid(ec8cde6f59db0f6479f5536bacba3e46) Importer(815301076,1909f56bfc062723c751e8b465ee728b)  -> (artifact id: '1f4b6d6a032521698e185d0e2280eb3b') in 0.024325 seconds 
  Import took 0.027533 seconds .

========================================================================
Received Import Request.
  Time since last request: 0.000188 seconds.
  path: Assets/BrokenVector/LowPolyBrickHouses/Textures/GroundTilesBrokenNormal.png
  artifactKey: Guid(e7791eedc74e22847a9a105ed257e4c1) Importer(815301076,1909f56bfc062723c751e8b465ee728b)
Start importing Assets/BrokenVector/LowPolyBrickHouses/Textures/GroundTilesBrokenNormal.png using Guid(e7791eedc74e22847a9a105ed257e4c1) Importer(815301076,1909f56bfc062723c751e8b465ee728b)  -> (artifact id: '33d3fc2b61e741c8b49df708e439834e') in 0.033310 seconds 
  Import took 0.036519 seconds .

========================================================================
Received Import Request.
  Time since last request: 0.000170 seconds.
  path: Assets/Flooded_Grounds/Content/Sounds/Background.mp3
  artifactKey: Guid(fb1bae38399f65b49afbec6f762e733b) Importer(815301076,1909f56bfc062723c751e8b465ee728b)
Start importing Assets/Flooded_Grounds/Content/Sounds/Background.mp3 using Guid(fb1bae38399f65b49afbec6f762e733b) Importer(815301076,1909f56bfc062723c751e8b465ee728b)  -> (artifact id: '484707a1fe45064b2649d0e7fb0b7450') in 0.115947 seconds 
  Import took 0.118849 seconds .

========================================================================
Received Import Request.
  Time since last request: 0.000183 seconds.
  path: Assets/_TerrainAutoUpgrade/layer_GroundTiles2ColorGroundTiles2Normalf2ee06e0fffcd150.terrainlayer
  artifactKey: Guid(83609b853a6db0c4ba3388dfbb518bcd) Importer(815301076,1909f56bfc062723c751e8b465ee728b)
Start importing Assets/_TerrainAutoUpgrade/layer_GroundTiles2ColorGroundTiles2Normalf2ee06e0fffcd150.terrainlayer using Guid(83609b853a6db0c4ba3388dfbb518bcd) Importer(815301076,1909f56bfc062723c751e8b465ee728b)  -> (artifact id: 'd5728710a792ca0c774e3318efedcbfd') in 0.052114 seconds 
  Import took 0.054896 seconds .

========================================================================
Received Import Request.
  Time since last request: 0.000174 seconds.
  path: Assets/_TerrainAutoUpgrade/layer_GroundSandColorGroundDirtNormal2023054508611406.terrainlayer
  artifactKey: Guid(e16bea48f5cdb8f41a6c307f8eb4219c) Importer(815301076,1909f56bfc062723c751e8b465ee728b)
Start importing Assets/_TerrainAutoUpgrade/layer_GroundSandColorGroundDirtNormal2023054508611406.terrainlayer using Guid(e16bea48f5cdb8f41a6c307f8eb4219c) Importer(815301076,1909f56bfc062723c751e8b465ee728b)  -> (artifact id: 'b781dc8a30a7be6bd3f25aa83d7d060a') in 0.012368 seconds 
  Import took 0.015312 seconds .

========================================================================
Received Import Request.
  Time since last request: 0.000176 seconds.
  path: Assets/BrokenVector/LowPolyBrickHouses/Textures/GroundTilesNormal.png
  artifactKey: Guid(46af69b8911aae34694f543ad0a50cc2) Importer(815301076,1909f56bfc062723c751e8b465ee728b)
Start importing Assets/BrokenVector/LowPolyBrickHouses/Textures/GroundTilesNormal.png using Guid(46af69b8911aae34694f543ad0a50cc2) Importer(815301076,1909f56bfc062723c751e8b465ee728b)  -> (artifact id: '9a2105201a5f24e2ea49f4745163285f') in 0.009550 seconds 
  Import took 0.012985 seconds .

========================================================================
Received Import Request.
  Time since last request: 0.000167 seconds.
  path: Assets/Imported Assets/NatureStarterKit2/Textures/ground02.tga
  artifactKey: Guid(3e8f839d23c8c7f42b81fc76f0dbeb9f) Importer(815301076,1909f56bfc062723c751e8b465ee728b)
Start importing Assets/Imported Assets/NatureStarterKit2/Textures/ground02.tga using Guid(3e8f839d23c8c7f42b81fc76f0dbeb9f) Importer(815301076,1909f56bfc062723c751e8b465ee728b)  -> (artifact id: 'c0953e6abeec47d53716813ffbf2649a') in 0.082939 seconds 
  Import took 0.085716 seconds .

========================================================================
Received Import Request.
  Time since last request: 0.000183 seconds.
  path: Assets/Flooded_Grounds/Content/Materials/NAT_GroundMoss.mat
  artifactKey: Guid(07fadee667c4d2b4d95d85c8eddf79a9) Importer(815301076,1909f56bfc062723c751e8b465ee728b)
Start importing Assets/Flooded_Grounds/Content/Materials/NAT_GroundMoss.mat using Guid(07fadee667c4d2b4d95d85c8eddf79a9) Importer(815301076,1909f56bfc062723c751e8b465ee728b)  -> (artifact id: '7d8b68b13e3f2ef001a330b2379f0753') in 0.270766 seconds 
  Import took 0.273508 seconds .

========================================================================
Received Import Request.
  Time since last request: 0.000175 seconds.
  path: Assets/Nicrom/PolyPacks/Wind/Assets/Materials/LPW_Ground_02.mat
  artifactKey: Guid(3d8367cece3b5b94b9fefc8fddb97cb7) Importer(815301076,1909f56bfc062723c751e8b465ee728b)
Start importing Assets/Nicrom/PolyPacks/Wind/Assets/Materials/LPW_Ground_02.mat using Guid(3d8367cece3b5b94b9fefc8fddb97cb7) Importer(815301076,1909f56bfc062723c751e8b465ee728b)  -> (artifact id: '21a640a99e2906dba9c2443549a3efde') in 0.044127 seconds 
  Import took 0.046826 seconds .

========================================================================
Received Import Request.
  Time since last request: 0.000181 seconds.
  path: Assets/Nicrom/PolyPacks/Wind/Assets/Materials/LPW_Ground_01.mat
  artifactKey: Guid(4b3131f86be235f4e9c1df1a9b9057ff) Importer(815301076,1909f56bfc062723c751e8b465ee728b)
Start importing Assets/Nicrom/PolyPacks/Wind/Assets/Materials/LPW_Ground_01.mat using Guid(4b3131f86be235f4e9c1df1a9b9057ff) Importer(815301076,1909f56bfc062723c751e8b465ee728b)  -> (artifact id: '43f9e82287dfcee373bb41eaafc9e527') in 0.039922 seconds 
  Import took 0.042620 seconds .

========================================================================
Received Import Request.
  Time since last request: 0.000168 seconds.
  path: Assets/_TerrainAutoUpgrade/layer_GroundDirtColorGroundDirtNormal2023054508611406.terrainlayer
  artifactKey: Guid(197dc85f404af0640ad2c6b79d6706f3) Importer(815301076,1909f56bfc062723c751e8b465ee728b)
Start importing Assets/_TerrainAutoUpgrade/layer_GroundDirtColorGroundDirtNormal2023054508611406.terrainlayer using Guid(197dc85f404af0640ad2c6b79d6706f3) Importer(815301076,1909f56bfc062723c751e8b465ee728b)  -> (artifact id: '57abdf24f9233e292e2b01baf7d7ee76') in 0.035880 seconds 
  Import took 0.038650 seconds .

========================================================================
Received Import Request.
  Time since last request: 0.000188 seconds.
  path: Assets/BrokenVector/LowPolyBrickHouses/Textures/GroundTilesBrokenColor.png
  artifactKey: Guid(77358cd0c5a9edc478acc7b94d4f9fc6) Importer(815301076,1909f56bfc062723c751e8b465ee728b)
Start importing Assets/BrokenVector/LowPolyBrickHouses/Textures/GroundTilesBrokenColor.png using Guid(77358cd0c5a9edc478acc7b94d4f9fc6) Importer(815301076,1909f56bfc062723c751e8b465ee728b)  -> (artifact id: '82be41f02eee49baf9a4d844388b8383') in 0.023383 seconds 
  Import took 0.026064 seconds .

========================================================================
Received Import Request.
  Time since last request: 0.000176 seconds.
  path: Assets/_TerrainAutoUpgrade/layer_GroundTilesBrokenColorGroundTilesBrokenNormal793646612c42751.terrainlayer
  artifactKey: Guid(7494ecd9021c83048a02741e5d7208bd) Importer(815301076,1909f56bfc062723c751e8b465ee728b)
Start importing Assets/_TerrainAutoUpgrade/layer_GroundTilesBrokenColorGroundTilesBrokenNormal793646612c42751.terrainlayer using Guid(7494ecd9021c83048a02741e5d7208bd) Importer(815301076,1909f56bfc062723c751e8b465ee728b)  -> (artifact id: '62527f52a2cd4c2cd6f60e38c7db04b0') in 0.012327 seconds 
  Import took 0.015182 seconds .

========================================================================
Received Import Request.
  Time since last request: 0.000164 seconds.
  path: Assets/_TerrainAutoUpgrade/layer_GroundTilesColorGroundTilesNormal793646612c42751.terrainlayer
  artifactKey: Guid(79013a4c90ac5ac4d859f8d3abab6e90) Importer(815301076,1909f56bfc062723c751e8b465ee728b)
Start importing Assets/_TerrainAutoUpgrade/layer_GroundTilesColorGroundTilesNormal793646612c42751.terrainlayer using Guid(79013a4c90ac5ac4d859f8d3abab6e90) Importer(815301076,1909f56bfc062723c751e8b465ee728b)  -> (artifact id: '440dbe6b4474b44645b58b78fa1d6099') in 0.012130 seconds 
  Import took 0.015073 seconds .

========================================================================
Received Import Request.
  Time since last request: 0.000161 seconds.
  path: Assets/Nicrom/PolyPacks/Wind/Assets/Models/LPW_Ground_A1_100x100_02.fbx
  artifactKey: Guid(9900244c1a644074d9fb129310a0542b) Importer(815301076,1909f56bfc062723c751e8b465ee728b)
Start importing Assets/Nicrom/PolyPacks/Wind/Assets/Models/LPW_Ground_A1_100x100_02.fbx using Guid(9900244c1a644074d9fb129310a0542b) Importer(815301076,1909f56bfc062723c751e8b465ee728b)  -> (artifact id: '63bb7f3d135a495804e04a93f12b476f') in 0.120215 seconds 
  Import took 0.123251 seconds .

========================================================================
Received Import Request.
  Time since last request: 0.000178 seconds.
  path: Assets/BrokenVector/LowPolyBrickHouses/Textures/GroundTiles2Color.png
  artifactKey: Guid(ae282d195d95e5c45a8fec50f615c407) Importer(815301076,1909f56bfc062723c751e8b465ee728b)
Start importing Assets/BrokenVector/LowPolyBrickHouses/Textures/GroundTiles2Color.png using Guid(ae282d195d95e5c45a8fec50f615c407) Importer(815301076,1909f56bfc062723c751e8b465ee728b)  -> (artifact id: '7f90419c51d521c33100a8dd6983faec') in 0.008222 seconds 
  Import took 0.011194 seconds .

========================================================================
Received Import Request.
  Time since last request: 0.000169 seconds.
  path: Assets/Nicrom/PolyPacks/Wind/Assets/Models/LPW_Ground_A1_100x100_01.fbx
  artifactKey: Guid(dbc5577fb32b294459a6c2b9d3f4d366) Importer(815301076,1909f56bfc062723c751e8b465ee728b)
Start importing Assets/Nicrom/PolyPacks/Wind/Assets/Models/LPW_Ground_A1_100x100_01.fbx using Guid(dbc5577fb32b294459a6c2b9d3f4d366) Importer(815301076,1909f56bfc062723c751e8b465ee728b)  -> (artifact id: '11b9c4291395852e53a67cbdd17b0425') in 0.032809 seconds 
  Import took 0.035674 seconds .

========================================================================
Received Import Request.
  Time since last request: 0.000189 seconds.
  path: Assets/BrokenVector/LowPolyBrickHouses/Textures/GroundDirtColor.png
  artifactKey: Guid(bdd950d64b6bea34a8554dc2271b2ede) Importer(815301076,1909f56bfc062723c751e8b465ee728b)
Start importing Assets/BrokenVector/LowPolyBrickHouses/Textures/GroundDirtColor.png using Guid(bdd950d64b6bea34a8554dc2271b2ede) Importer(815301076,1909f56bfc062723c751e8b465ee728b)  -> (artifact id: '0be4a96155938aec743987440fbe0e5b') in 0.007964 seconds 
  Import took 0.010847 seconds .

========================================================================
Received Import Request.
  Time since last request: 0.000180 seconds.
  path: Assets/Imported Assets/NatureStarterKit2/Textures/ground01.tga
  artifactKey: Guid(ffbc4ff073065254585f69e966389160) Importer(815301076,1909f56bfc062723c751e8b465ee728b)
Start importing Assets/Imported Assets/NatureStarterKit2/Textures/ground01.tga using Guid(ffbc4ff073065254585f69e966389160) Importer(815301076,1909f56bfc062723c751e8b465ee728b)  -> (artifact id: '2dc7a79f58d5f28b30b301917c6deee5') in 0.042174 seconds 
  Import took 0.045211 seconds .

========================================================================
Received Import Request.
  Time since last request: 0.000186 seconds.
  path: Assets/BrokenVector/LowPolyBrickHouses/Textures/GroundTilesColor.png
  artifactKey: Guid(ecdfe1e456cd7424d8ba9c2328521d0b) Importer(815301076,1909f56bfc062723c751e8b465ee728b)
Start importing Assets/BrokenVector/LowPolyBrickHouses/Textures/GroundTilesColor.png using Guid(ecdfe1e456cd7424d8ba9c2328521d0b) Importer(815301076,1909f56bfc062723c751e8b465ee728b)  -> (artifact id: 'a15d5f03abc37966e9b0c09d8c2898db') in 0.008780 seconds 
  Import took 0.011672 seconds .

========================================================================
Received Import Request.
  Time since last request: 0.000194 seconds.
  path: Assets/BrokenVector/LowPolyBrickHouses/Textures/GroundTiles2Normal.png
  artifactKey: Guid(6b712331c591e4744a09c3ccc974bca4) Importer(815301076,1909f56bfc062723c751e8b465ee728b)
Start importing Assets/BrokenVector/LowPolyBrickHouses/Textures/GroundTiles2Normal.png using Guid(6b712331c591e4744a09c3ccc974bca4) Importer(815301076,1909f56bfc062723c751e8b465ee728b)  -> (artifact id: '103374678008812454638022762e7e1d') in 0.010538 seconds 
  Import took 0.013885 seconds .

========================================================================
Received Import Request.
  Time since last request: 0.000186 seconds.
  path: Assets/Nicrom/PolyPacks/Wind/_Prefabs/LPW_Ground_A1_100x100_01.prefab
  artifactKey: Guid(e4b7ee855e6fe0640ae15f3068cf68d7) Importer(815301076,1909f56bfc062723c751e8b465ee728b)
Start importing Assets/Nicrom/PolyPacks/Wind/_Prefabs/LPW_Ground_A1_100x100_01.prefab using Guid(e4b7ee855e6fe0640ae15f3068cf68d7) Importer(815301076,1909f56bfc062723c751e8b465ee728b)  -> (artifact id: '098870b7aabc1054e63bca6fb24c84fc') in 0.011636 seconds 
  Import took 0.014681 seconds .

========================================================================
Received Import Request.
  Time since last request: 0.000188 seconds.
  path: Assets/Imported Assets/NatureStarterKit2/Textures/ground01.psd
  artifactKey: Guid(85cdb49f460bbf14a82b8ea1c20c07bc) Importer(815301076,1909f56bfc062723c751e8b465ee728b)
Start importing Assets/Imported Assets/NatureStarterKit2/Textures/ground01.psd using Guid(85cdb49f460bbf14a82b8ea1c20c07bc) Importer(815301076,1909f56bfc062723c751e8b465ee728b)  -> (artifact id: 'fb35ca919ee5c8a997c46cabfa33376a') in 0.043463 seconds 
  Import took 0.046822 seconds .

========================================================================
Received Import Request.
  Time since last request: 10.306664 seconds.
  path: Assets/BrokenVector/LowPolyTreePack/Models
  artifactKey: Guid(988f3dbd4cdadd84a8e393bdf70d8bf2) Importer(815301076,1909f56bfc062723c751e8b465ee728b)
Start importing Assets/BrokenVector/LowPolyTreePack/Models using Guid(988f3dbd4cdadd84a8e393bdf70d8bf2) Importer(815301076,1909f56bfc062723c751e8b465ee728b)  -> (artifact id: 'ec6653610387464287013b778ac5eb86') in 0.004503 seconds 
  Import took 0.008046 seconds .

========================================================================
Received Import Request.
  Time since last request: 5.213691 seconds.
  path: Assets/BrokenVector/LowPolyTreePack/Models/Tree Type0 01.dae
  artifactKey: Guid(d2821924b86cff5439f12b0289585dbf) Importer(815301076,1909f56bfc062723c751e8b465ee728b)
Start importing Assets/BrokenVector/LowPolyTreePack/Models/Tree Type0 01.dae using Guid(d2821924b86cff5439f12b0289585dbf) Importer(815301076,1909f56bfc062723c751e8b465ee728b)  -> (artifact id: '0d16cdc7c473861bc24d9f28bd83fbf6') in 0.155207 seconds 
  Import took 0.158485 seconds .

========================================================================
Received Import Request.
  Time since last request: 0.000176 seconds.
  path: Assets/BrokenVector/LowPolyTreePack/Models/Tree Type4 05.dae
  artifactKey: Guid(05f4a294fb6ca7e4c87b33948d1ebec3) Importer(815301076,1909f56bfc062723c751e8b465ee728b)
Start importing Assets/BrokenVector/LowPolyTreePack/Models/Tree Type4 05.dae using Guid(05f4a294fb6ca7e4c87b33948d1ebec3) Importer(815301076,1909f56bfc062723c751e8b465ee728b)  -> (artifact id: 'cb72f30940239a77454cb31b8f93de9c') in 0.073381 seconds 
  Import took 0.076436 seconds .

========================================================================
Received Import Request.
  Time since last request: 0.000188 seconds.
  path: Assets/BrokenVector/LowPolyTreePack/Models/Tree Type0 02.dae
  artifactKey: Guid(6b63ca9c7bc00f24b81b6cb48095b9a9) Importer(815301076,1909f56bfc062723c751e8b465ee728b)
Start importing Assets/BrokenVector/LowPolyTreePack/Models/Tree Type0 02.dae using Guid(6b63ca9c7bc00f24b81b6cb48095b9a9) Importer(815301076,1909f56bfc062723c751e8b465ee728b)  -> (artifact id: 'a303bb3205a7cc9a272744214e5fb809') in 0.130589 seconds 
  Import took 0.134009 seconds .

========================================================================
Received Import Request.
  Time since last request: 0.000213 seconds.
  path: Assets/BrokenVector/LowPolyTreePack/Models/Tree Type5 02.dae
  artifactKey: Guid(eec2a0a67f1c8b243a386ec359eda522) Importer(815301076,1909f56bfc062723c751e8b465ee728b)
Start importing Assets/BrokenVector/LowPolyTreePack/Models/Tree Type5 02.dae using Guid(eec2a0a67f1c8b243a386ec359eda522) Importer(815301076,1909f56bfc062723c751e8b465ee728b)  -> (artifact id: 'e519827937e273e6f90ff9a30a00338c') in 0.119428 seconds 
  Import took 0.122596 seconds .

========================================================================
Received Import Request.
  Time since last request: 0.000215 seconds.
  path: Assets/BrokenVector/LowPolyTreePack/Models/Tree Type6 03.dae
  artifactKey: Guid(f6e7f2100b2c5544d94468d977d66b29) Importer(815301076,1909f56bfc062723c751e8b465ee728b)
Start importing Assets/BrokenVector/LowPolyTreePack/Models/Tree Type6 03.dae using Guid(f6e7f2100b2c5544d94468d977d66b29) Importer(815301076,1909f56bfc062723c751e8b465ee728b)  -> (artifact id: '29cffa2e7da3cc4e54ae93e729d4545f') in 0.122461 seconds 
  Import took 0.125865 seconds .

========================================================================
Received Import Request.
  Time since last request: 0.000200 seconds.
  path: Assets/BrokenVector/LowPolyTreePack/Models/Tree Type6 02.dae
  artifactKey: Guid(a502c85dd672f8d428b76fd14220881f) Importer(815301076,1909f56bfc062723c751e8b465ee728b)
Start importing Assets/BrokenVector/LowPolyTreePack/Models/Tree Type6 02.dae using Guid(a502c85dd672f8d428b76fd14220881f) Importer(815301076,1909f56bfc062723c751e8b465ee728b)  -> (artifact id: '4809487f77803638aca9118304390a14') in 0.117297 seconds 
  Import took 0.120604 seconds .

========================================================================
Received Import Request.
  Time since last request: 0.000378 seconds.
  path: Assets/BrokenVector/LowPolyTreePack/Models/Tree Type5 01.dae
  artifactKey: Guid(dfc73e1f73ca4d64da934fb2dcb38e9d) Importer(815301076,1909f56bfc062723c751e8b465ee728b)
Start importing Assets/BrokenVector/LowPolyTreePack/Models/Tree Type5 01.dae using Guid(dfc73e1f73ca4d64da934fb2dcb38e9d) Importer(815301076,1909f56bfc062723c751e8b465ee728b)  -> (artifact id: '0fd6ff7d39bf1ada5c3a711fa9cccb01') in 0.112560 seconds 
  Import took 0.115988 seconds .

========================================================================
Received Import Request.
  Time since last request: 0.000192 seconds.
  path: Assets/BrokenVector/LowPolyTreePack/Models/Tree Type5 04.dae
  artifactKey: Guid(2ab8bbefc4a0d4948b52fdcbd7c3489b) Importer(815301076,1909f56bfc062723c751e8b465ee728b)
Start importing Assets/BrokenVector/LowPolyTreePack/Models/Tree Type5 04.dae using Guid(2ab8bbefc4a0d4948b52fdcbd7c3489b) Importer(815301076,1909f56bfc062723c751e8b465ee728b)  -> (artifact id: 'bb219c1b90fd10079df667f77a4da05b') in 0.113128 seconds 
  Import took 0.116051 seconds .

========================================================================
Received Import Request.
  Time since last request: 0.000203 seconds.
  path: Assets/BrokenVector/LowPolyTreePack/Models/Tree Type3 05.dae
  artifactKey: Guid(0658909382c77d041b643ae92bd27b82) Importer(815301076,1909f56bfc062723c751e8b465ee728b)
Start importing Assets/BrokenVector/LowPolyTreePack/Models/Tree Type3 05.dae using Guid(0658909382c77d041b643ae92bd27b82) Importer(815301076,1909f56bfc062723c751e8b465ee728b)  -> (artifact id: '9ac0c565de60960425689cfbc46e4d8d') in 0.015804 seconds 
  Import took 0.018752 seconds .

========================================================================
Received Import Request.
  Time since last request: 0.000194 seconds.
  path: Assets/BrokenVector/LowPolyTreePack/Models/Tree Type0 03.dae
  artifactKey: Guid(5648c7aa655120f44aab862e4a038f3c) Importer(815301076,1909f56bfc062723c751e8b465ee728b)
Start importing Assets/BrokenVector/LowPolyTreePack/Models/Tree Type0 03.dae using Guid(5648c7aa655120f44aab862e4a038f3c) Importer(815301076,1909f56bfc062723c751e8b465ee728b)  -> (artifact id: 'bbd2810308f8e649bacc01595d61affd') in 0.013935 seconds 
  Import took 0.017236 seconds .

========================================================================
Received Import Request.
  Time since last request: 0.000215 seconds.
  path: Assets/BrokenVector/LowPolyTreePack/Models/Tree Type3 04.dae
  artifactKey: Guid(f52689dc8ea801b46874ff4a4a6c328a) Importer(815301076,1909f56bfc062723c751e8b465ee728b)
Start importing Assets/BrokenVector/LowPolyTreePack/Models/Tree Type3 04.dae using Guid(f52689dc8ea801b46874ff4a4a6c328a) Importer(815301076,1909f56bfc062723c751e8b465ee728b)  -> (artifact id: '08ced5c2a7bb54226ee23376bc08fbd2') in 0.012708 seconds 
  Import took 0.016221 seconds .

========================================================================
Received Import Request.
  Time since last request: 0.000199 seconds.
  path: Assets/BrokenVector/LowPolyTreePack/Models/Tree Type6 01.dae
  artifactKey: Guid(d508de2584ef7734aa500f5c47210151) Importer(815301076,1909f56bfc062723c751e8b465ee728b)
Start importing Assets/BrokenVector/LowPolyTreePack/Models/Tree Type6 01.dae using Guid(d508de2584ef7734aa500f5c47210151) Importer(815301076,1909f56bfc062723c751e8b465ee728b)  -> (artifact id: 'b6dbb6befd112462b304b33549f8d706') in 0.111536 seconds 
  Import took 0.114601 seconds .

========================================================================
Received Import Request.
  Time since last request: 0.000190 seconds.
  path: Assets/BrokenVector/LowPolyTreePack/Models/Tree Type1 03.dae
  artifactKey: Guid(dec71bb4e66221144b5db0af9e0f39d5) Importer(815301076,1909f56bfc062723c751e8b465ee728b)
Start importing Assets/BrokenVector/LowPolyTreePack/Models/Tree Type1 03.dae using Guid(dec71bb4e66221144b5db0af9e0f39d5) Importer(815301076,1909f56bfc062723c751e8b465ee728b)  -> (artifact id: '08e6206e0b296527fdcb2a891f09d804') in 0.105869 seconds 
  Import took 0.108764 seconds .

========================================================================
Received Import Request.
  Time since last request: 0.000213 seconds.
  path: Assets/BrokenVector/LowPolyTreePack/Models/Tree Type4 03.dae
  artifactKey: Guid(10155e34e1176c3489486fbf0cef1736) Importer(815301076,1909f56bfc062723c751e8b465ee728b)
Start importing Assets/BrokenVector/LowPolyTreePack/Models/Tree Type4 03.dae using Guid(10155e34e1176c3489486fbf0cef1736) Importer(815301076,1909f56bfc062723c751e8b465ee728b)  -> (artifact id: 'cbd20fd86323ad5bcb9333adaf6ad3b1') in 0.015130 seconds 
  Import took 0.018937 seconds .

========================================================================
Received Import Request.
  Time since last request: 0.000222 seconds.
  path: Assets/BrokenVector/LowPolyTreePack/Models/Tree Type6 04.dae
  artifactKey: Guid(66f0726e43c72a94aa9dc7aa4b6cbfe0) Importer(815301076,1909f56bfc062723c751e8b465ee728b)
Start importing Assets/BrokenVector/LowPolyTreePack/Models/Tree Type6 04.dae using Guid(66f0726e43c72a94aa9dc7aa4b6cbfe0) Importer(815301076,1909f56bfc062723c751e8b465ee728b)  -> (artifact id: '2c12fbf0394251bbdda93c561e4229f9') in 0.138919 seconds 
  Import took 0.142242 seconds .

========================================================================
Received Import Request.
  Time since last request: 0.000148 seconds.
  path: Assets/BrokenVector/LowPolyTreePack/Models/Tree Type1 01.dae
  artifactKey: Guid(cb132eeaea305bc478721cc9b5cb57f8) Importer(815301076,1909f56bfc062723c751e8b465ee728b)
Start importing Assets/BrokenVector/LowPolyTreePack/Models/Tree Type1 01.dae using Guid(cb132eeaea305bc478721cc9b5cb57f8) Importer(815301076,1909f56bfc062723c751e8b465ee728b)  -> (artifact id: '68484836268cfa6d831eb30ddd1cd4cd') in 0.115636 seconds 
  Import took 0.118403 seconds .

========================================================================
Received Import Request.
  Time since last request: 0.000288 seconds.
  path: Assets/BrokenVector/LowPolyTreePack/Models/Tree Type2 03.dae
  artifactKey: Guid(770b1e3321cb97344b7b5f9ccc2bfe56) Importer(815301076,1909f56bfc062723c751e8b465ee728b)
Start importing Assets/BrokenVector/LowPolyTreePack/Models/Tree Type2 03.dae using Guid(770b1e3321cb97344b7b5f9ccc2bfe56) Importer(815301076,1909f56bfc062723c751e8b465ee728b)  -> (artifact id: 'cd14d15676b6792c21226ce000072e13') in 0.111973 seconds 
  Import took 0.115217 seconds .

========================================================================
Received Import Request.
  Time since last request: 0.000175 seconds.
  path: Assets/BrokenVector/LowPolyTreePack/Models/Tree Type3 02.dae
  artifactKey: Guid(68218c07874adef4fbe8100958fd9117) Importer(815301076,1909f56bfc062723c751e8b465ee728b)
Start importing Assets/BrokenVector/LowPolyTreePack/Models/Tree Type3 02.dae using Guid(68218c07874adef4fbe8100958fd9117) Importer(815301076,1909f56bfc062723c751e8b465ee728b)  -> (artifact id: 'a5195e93717ec719303b71111dfacb10') in 0.012355 seconds 
  Import took 0.015141 seconds .

========================================================================
Received Import Request.
  Time since last request: 0.000200 seconds.
  path: Assets/BrokenVector/LowPolyTreePack/Models/Tree Type1 05.dae
  artifactKey: Guid(f6c597498257ae843adeb6a76dd3013e) Importer(815301076,1909f56bfc062723c751e8b465ee728b)
Start importing Assets/BrokenVector/LowPolyTreePack/Models/Tree Type1 05.dae using Guid(f6c597498257ae843adeb6a76dd3013e) Importer(815301076,1909f56bfc062723c751e8b465ee728b)  -> (artifact id: '6a9f8352c421f6eb27d96f5ea96e7425') in 0.113055 seconds 
  Import took 0.116401 seconds .

========================================================================
Received Import Request.
  Time since last request: 0.000227 seconds.
  path: Assets/BrokenVector/LowPolyTreePack/Models/Tree Type2 01.dae
  artifactKey: Guid(b3d80aad1767322488af8777deb5fd54) Importer(815301076,1909f56bfc062723c751e8b465ee728b)
Start importing Assets/BrokenVector/LowPolyTreePack/Models/Tree Type2 01.dae using Guid(b3d80aad1767322488af8777deb5fd54) Importer(815301076,1909f56bfc062723c751e8b465ee728b)  -> (artifact id: 'b92a8f1ad10517873a003d1eb384ccef') in 0.108580 seconds 
  Import took 0.111573 seconds .

========================================================================
Received Import Request.
  Time since last request: 0.000195 seconds.
  path: Assets/BrokenVector/LowPolyTreePack/Models/Tree Type2 05.dae
  artifactKey: Guid(08370ae33fad3da4a8357631f8a9f5ae) Importer(815301076,1909f56bfc062723c751e8b465ee728b)
Start importing Assets/BrokenVector/LowPolyTreePack/Models/Tree Type2 05.dae using Guid(08370ae33fad3da4a8357631f8a9f5ae) Importer(815301076,1909f56bfc062723c751e8b465ee728b)  -> (artifact id: 'cdf8e8cd0c3fea80f2bf7a13d16dc60e') in 0.121984 seconds 
  Import took 0.125008 seconds .

========================================================================
Received Import Request.
  Time since last request: 0.000210 seconds.
  path: Assets/BrokenVector/LowPolyTreePack/Models/Tree Type1 02.dae
  artifactKey: Guid(e063977d54ec61849aacc1b8e9eafc6f) Importer(815301076,1909f56bfc062723c751e8b465ee728b)
Start importing Assets/BrokenVector/LowPolyTreePack/Models/Tree Type1 02.dae using Guid(e063977d54ec61849aacc1b8e9eafc6f) Importer(815301076,1909f56bfc062723c751e8b465ee728b)  -> (artifact id: '54bce4ec5081f53d68b803d74c82b2e0') in 0.110464 seconds 
  Import took 0.113684 seconds .

========================================================================
Received Import Request.
  Time since last request: 0.000170 seconds.
  path: Assets/BrokenVector/LowPolyTreePack/Models/Tree Type4 04.dae
  artifactKey: Guid(361dbd13abe581240910f764f838d930) Importer(815301076,1909f56bfc062723c751e8b465ee728b)
Start importing Assets/BrokenVector/LowPolyTreePack/Models/Tree Type4 04.dae using Guid(361dbd13abe581240910f764f838d930) Importer(815301076,1909f56bfc062723c751e8b465ee728b)  -> (artifact id: '08a37db5836f313dfd5e999b5958012d') in 0.019997 seconds 
  Import took 0.022924 seconds .

========================================================================
Received Import Request.
  Time since last request: 0.000191 seconds.
  path: Assets/BrokenVector/LowPolyTreePack/Models/Tree Type5 03.dae
  artifactKey: Guid(1e97612a294865943926d93961f9c229) Importer(815301076,1909f56bfc062723c751e8b465ee728b)
Start importing Assets/BrokenVector/LowPolyTreePack/Models/Tree Type5 03.dae using Guid(1e97612a294865943926d93961f9c229) Importer(815301076,1909f56bfc062723c751e8b465ee728b)  -> (artifact id: 'b79cfb572dba7f2c450155fcf7f701cf') in 0.121070 seconds 
  Import took 0.123980 seconds .

========================================================================
Received Import Request.
  Time since last request: 0.000166 seconds.
  path: Assets/BrokenVector/LowPolyTreePack/Models/Tree Type0 06.dae
  artifactKey: Guid(58e56545a2d219944b78729eaa444a51) Importer(815301076,1909f56bfc062723c751e8b465ee728b)
Start importing Assets/BrokenVector/LowPolyTreePack/Models/Tree Type0 06.dae using Guid(58e56545a2d219944b78729eaa444a51) Importer(815301076,1909f56bfc062723c751e8b465ee728b)  -> (artifact id: '347b6c0f66079efa62b551ade4e5defd') in 0.015561 seconds 
  Import took 0.018457 seconds .

========================================================================
Received Import Request.
  Time since last request: 0.000193 seconds.
  path: Assets/BrokenVector/LowPolyTreePack/Models/Tree Type3 01.dae
  artifactKey: Guid(5166d739d26f73246a2623515169479e) Importer(815301076,1909f56bfc062723c751e8b465ee728b)
Start importing Assets/BrokenVector/LowPolyTreePack/Models/Tree Type3 01.dae using Guid(5166d739d26f73246a2623515169479e) Importer(815301076,1909f56bfc062723c751e8b465ee728b)  -> (artifact id: '99a73924e987cc3d5dcc62f230c0553d') in 0.013989 seconds 
  Import took 0.016928 seconds .

========================================================================
Received Import Request.
  Time since last request: 0.000165 seconds.
  path: Assets/BrokenVector/LowPolyTreePack/Models/Tree Type1 04.dae
  artifactKey: Guid(0ddb82da3485fac4dbfe187acb70a610) Importer(815301076,1909f56bfc062723c751e8b465ee728b)
Start importing Assets/BrokenVector/LowPolyTreePack/Models/Tree Type1 04.dae using Guid(0ddb82da3485fac4dbfe187acb70a610) Importer(815301076,1909f56bfc062723c751e8b465ee728b)  -> (artifact id: 'a51e2fde31eca3c4c4d42c29d639fea0') in 0.113880 seconds 
  Import took 0.116618 seconds .

========================================================================
Received Import Request.
  Time since last request: 0.000173 seconds.
  path: Assets/BrokenVector/LowPolyTreePack/Models/Tree Type0 04.dae
  artifactKey: Guid(b4f0e46a9f630054c925d3d92d45584e) Importer(815301076,1909f56bfc062723c751e8b465ee728b)
Start importing Assets/BrokenVector/LowPolyTreePack/Models/Tree Type0 04.dae using Guid(b4f0e46a9f630054c925d3d92d45584e) Importer(815301076,1909f56bfc062723c751e8b465ee728b)  -> (artifact id: '82bd3a8a5c2b3ac8e6e2324043b40b9f') in 0.028280 seconds 
  Import took 0.031132 seconds .

========================================================================
Received Import Request.
  Time since last request: 0.000315 seconds.
  path: Assets/BrokenVector/LowPolyTreePack/Models/Tree Type4 01.dae
  artifactKey: Guid(9ddce011fb3cf3341b8c252c9b00cb4c) Importer(815301076,1909f56bfc062723c751e8b465ee728b)
Start importing Assets/BrokenVector/LowPolyTreePack/Models/Tree Type4 01.dae using Guid(9ddce011fb3cf3341b8c252c9b00cb4c) Importer(815301076,1909f56bfc062723c751e8b465ee728b)  -> (artifact id: 'bf1e9b360bf7fb12dbba9c4c16c0e9cf') in 0.029775 seconds 
  Import took 0.032730 seconds .

========================================================================
Received Import Request.
  Time since last request: 0.000188 seconds.
  path: Assets/BrokenVector/LowPolyTreePack/Models/Tree Type2 02.dae
  artifactKey: Guid(2ea73da7fe37e7b42bb77b26e97df11f) Importer(815301076,1909f56bfc062723c751e8b465ee728b)
Start importing Assets/BrokenVector/LowPolyTreePack/Models/Tree Type2 02.dae using Guid(2ea73da7fe37e7b42bb77b26e97df11f) Importer(815301076,1909f56bfc062723c751e8b465ee728b)  -> (artifact id: 'dd49757cd4d25f861ef401c37f4ed573') in 0.110735 seconds 
  Import took 0.113526 seconds .

========================================================================
Received Import Request.
  Time since last request: 0.000173 seconds.
  path: Assets/BrokenVector/LowPolyTreePack/Models/Tree Type0 05.dae
  artifactKey: Guid(c8fd0d31d77530344baa4b459b8e221e) Importer(815301076,1909f56bfc062723c751e8b465ee728b)
Start importing Assets/BrokenVector/LowPolyTreePack/Models/Tree Type0 05.dae using Guid(c8fd0d31d77530344baa4b459b8e221e) Importer(815301076,1909f56bfc062723c751e8b465ee728b)  -> (artifact id: 'd2f2adba2d0c60c5f2cad08c7578dac0') in 0.027744 seconds 
  Import took 0.030427 seconds .

========================================================================
Received Import Request.
  Time since last request: 0.000172 seconds.
  path: Assets/BrokenVector/LowPolyTreePack/Models/Tree Type4 02.dae
  artifactKey: Guid(20daf9d902df0d749bd16ac37a353854) Importer(815301076,1909f56bfc062723c751e8b465ee728b)
Start importing Assets/BrokenVector/LowPolyTreePack/Models/Tree Type4 02.dae using Guid(20daf9d902df0d749bd16ac37a353854) Importer(815301076,1909f56bfc062723c751e8b465ee728b)  -> (artifact id: '50ea00d8226d7985cdbd96eedba44396') in 0.015427 seconds 
  Import took 0.018214 seconds .

========================================================================
Received Import Request.
  Time since last request: 0.000177 seconds.
  path: Assets/BrokenVector/LowPolyTreePack/Models/Tree Type3 03.dae
  artifactKey: Guid(35c5b6683953dc54f99f68b4a16819f7) Importer(815301076,1909f56bfc062723c751e8b465ee728b)
Start importing Assets/BrokenVector/LowPolyTreePack/Models/Tree Type3 03.dae using Guid(35c5b6683953dc54f99f68b4a16819f7) Importer(815301076,1909f56bfc062723c751e8b465ee728b)  -> (artifact id: '24341b49a4042707c05e6e6fc9a7a6ad') in 0.014219 seconds 
  Import took 0.016984 seconds .

========================================================================
Received Import Request.
  Time since last request: 0.000176 seconds.
  path: Assets/BrokenVector/LowPolyTreePack/Models/Tree Type2 04.dae
  artifactKey: Guid(49a13064a6f46f1438de87926fc5fc42) Importer(815301076,1909f56bfc062723c751e8b465ee728b)
Start importing Assets/BrokenVector/LowPolyTreePack/Models/Tree Type2 04.dae using Guid(49a13064a6f46f1438de87926fc5fc42) Importer(815301076,1909f56bfc062723c751e8b465ee728b)  -> (artifact id: '5e98e49fbb4c6f7a2e6d1342d93768f9') in 0.113383 seconds 
  Import took 0.116226 seconds .

========================================================================
Received Import Request.
  Time since last request: 15.986904 seconds.
  path: Assets/Scenes/RealLevels/Boss1/Boss1.unity
  artifactKey: Guid(b6ded2da3fe651342af11ade817a76d7) Importer(815301076,1909f56bfc062723c751e8b465ee728b)
Start importing Assets/Scenes/RealLevels/Boss1/Boss1.unity using Guid(b6ded2da3fe651342af11ade817a76d7) Importer(815301076,1909f56bfc062723c751e8b465ee728b)  -> (artifact id: '1b8faacbfef7c5b74910dd30d145f514') in 0.005234 seconds 
  Import took 0.008482 seconds .

========================================================================
Received Import Request.
  Time since last request: 9.546347 seconds.
  path: Assets/Scenes/RealLevels/Credits/Credits.unity
  artifactKey: Guid(9a6e99d0aaaf8ec489b7a100680ff4c6) Importer(815301076,1909f56bfc062723c751e8b465ee728b)
Start importing Assets/Scenes/RealLevels/Credits/Credits.unity using Guid(9a6e99d0aaaf8ec489b7a100680ff4c6) Importer(815301076,1909f56bfc062723c751e8b465ee728b)  -> (artifact id: 'cd27a47a60d9edd2bb7d769270f228a6') in 0.002363 seconds 
  Import took 0.005695 seconds .

========================================================================
Received Prepare
Registering precompiled user dll's ...
Registered in 0.005457 seconds.
Begin MonoManager ReloadAssembly
Native extension for WindowsStandalone target not found
Native extension for WebGL target not found
Refreshing native plugins compatible for Editor in 1.18 ms, found 4 plugins.
Preloading 0 native plugins for Editor in 0.00 ms.
Mono: successfully reloaded assembly
- Completed reload, in  1.002 seconds
Domain Reload Profiling:
	ReloadAssembly (1002ms)
		BeginReloadAssembly (123ms)
			ExecutionOrderSort (0ms)
			DisableScriptedObjects (4ms)
			BackupInstance (0ms)
			ReleaseScriptingObjects (0ms)
			CreateAndSetChildDomain (36ms)
		EndReloadAssembly (818ms)
			LoadAssemblies (102ms)
			RebuildTransferFunctionScriptingTraits (0ms)
			SetupTypeCache (291ms)
			ReleaseScriptCaches (1ms)
			RebuildScriptCaches (41ms)
			SetupLoadedEditorAssemblies (306ms)
				LogAssemblyErrors (0ms)
				InitializePlatformSupportModulesInManaged (6ms)
				SetLoadedEditorAssemblies (0ms)
				RefreshPlugins (1ms)
				BeforeProcessingInitializeOnLoad (69ms)
				ProcessInitializeOnLoadAttributes (222ms)
				ProcessInitializeOnLoadMethodAttributes (5ms)
				AfterProcessingInitializeOnLoad (2ms)
				EditorAssembliesLoaded (0ms)
			ExecutionOrderSort2 (0ms)
			AwakeInstancesAfterBackupRestoration (6ms)
Platform modules already initialized, skipping
Refreshing native plugins compatible for Editor in 1.54 ms, found 4 plugins.
Preloading 0 native plugins for Editor in 0.00 ms.
Unloading 1954 Unused Serialized files (Serialized files now loaded: 0)
System memory in use before: 126.0 MB.
System memory in use after: 125.8 MB.

Unloading 70 unused Assets to reduce memory usage. Loaded Objects now: 2563.
Total: 3.259700 ms (FindLiveObjects: 0.224700 ms CreateObjectMapping: 0.046400 ms MarkObjects: 2.676200 ms  DeleteObjects: 0.311000 ms)

AssetImportParameters requested are different than current active one (requested -> active):
  custom:framework-win-MediaFoundation: 216162199b28c13a410421893ffa2e32 -> 
  custom:video-decoder-ogg-theora: a1e56fd34408186e4bbccfd4996cb3dc -> 
  custom:container-muxer-webm: aa71ff27fc2769a1b78a27578f13a17b -> 
  custom:container-demuxer-webm: 4f35f7cbe854078d1ac9338744f61a02 -> 
  custom:container-demuxer-ogg: 62fdf1f143b41e24485cea50d1cbac27 -> 
  custom:video-encoder-webm-vp8: eb34c28f22e8b96e1ab97ce403110664 -> 
  custom:video-decoder-webm-vp8: 9c59270c3fd7afecdb556c50c9e8de78 -> 
  custom:audio-decoder-ogg-vorbis: bf7c407c2cedff20999df2af8eb42d56 -> 
  custom:audio-encoder-webm-vorbis: bf7c407c2cedff20999df2af8eb42d56 -> 
========================================================================
Received Import Request.
  Time since last request: 87.063812 seconds.
  path: Assets/BrokenVector/LowPolyDungeon/Materials/Paper.mat
  artifactKey: Guid(145c0287570245a4b894de54ec840353) Importer(815301076,1909f56bfc062723c751e8b465ee728b)
Start importing Assets/BrokenVector/LowPolyDungeon/Materials/Paper.mat using Guid(145c0287570245a4b894de54ec840353) Importer(815301076,1909f56bfc062723c751e8b465ee728b)  -> (artifact id: '4b3588b22a7549f0c0e05a01c81e1c06') in 0.109343 seconds 
  Import took 0.112857 seconds .

========================================================================
Received Import Request.
  Time since last request: 4.440017 seconds.
  path: Assets/Assets/Paper/source/PBR.mat
  artifactKey: Guid(bf5414e7fbc78b94fa87c7390170ee77) Importer(815301076,1909f56bfc062723c751e8b465ee728b)
Start importing Assets/Assets/Paper/source/PBR.mat using Guid(bf5414e7fbc78b94fa87c7390170ee77) Importer(815301076,1909f56bfc062723c751e8b465ee728b)  -> (artifact id: 'b3771952c7120f7522fdd05962f65e04') in 0.009450 seconds 
  Import took 0.012641 seconds .

========================================================================
Received Prepare
Registering precompiled user dll's ...
Registered in 0.004326 seconds.
Begin MonoManager ReloadAssembly
Native extension for WindowsStandalone target not found
Native extension for WebGL target not found
Refreshing native plugins compatible for Editor in 1.19 ms, found 4 plugins.
Preloading 0 native plugins for Editor in 0.00 ms.
Mono: successfully reloaded assembly
- Completed reload, in  0.980 seconds
Domain Reload Profiling:
	ReloadAssembly (981ms)
		BeginReloadAssembly (116ms)
			ExecutionOrderSort (0ms)
			DisableScriptedObjects (3ms)
			BackupInstance (0ms)
			ReleaseScriptingObjects (0ms)
			CreateAndSetChildDomain (30ms)
		EndReloadAssembly (811ms)
			LoadAssemblies (92ms)
			RebuildTransferFunctionScriptingTraits (0ms)
			SetupTypeCache (285ms)
			ReleaseScriptCaches (1ms)
			RebuildScriptCaches (45ms)
			SetupLoadedEditorAssemblies (301ms)
				LogAssemblyErrors (0ms)
				InitializePlatformSupportModulesInManaged (5ms)
				SetLoadedEditorAssemblies (0ms)
				RefreshPlugins (1ms)
				BeforeProcessingInitializeOnLoad (73ms)
				ProcessInitializeOnLoadAttributes (213ms)
				ProcessInitializeOnLoadMethodAttributes (5ms)
				AfterProcessingInitializeOnLoad (2ms)
				EditorAssembliesLoaded (0ms)
			ExecutionOrderSort2 (0ms)
			AwakeInstancesAfterBackupRestoration (7ms)
Platform modules already initialized, skipping
Refreshing native plugins compatible for Editor in 1.33 ms, found 4 plugins.
Preloading 0 native plugins for Editor in 0.00 ms.
Unloading 1954 Unused Serialized files (Serialized files now loaded: 0)
System memory in use before: 126.0 MB.
System memory in use after: 125.8 MB.

Unloading 69 unused Assets to reduce memory usage. Loaded Objects now: 2566.
Total: 3.787200 ms (FindLiveObjects: 0.429500 ms CreateObjectMapping: 0.082300 ms MarkObjects: 2.875100 ms  DeleteObjects: 0.398600 ms)

AssetImportParameters requested are different than current active one (requested -> active):
  custom:framework-win-MediaFoundation: 216162199b28c13a410421893ffa2e32 -> 
  custom:video-decoder-ogg-theora: a1e56fd34408186e4bbccfd4996cb3dc -> 
  custom:container-muxer-webm: aa71ff27fc2769a1b78a27578f13a17b -> 
  custom:container-demuxer-webm: 4f35f7cbe854078d1ac9338744f61a02 -> 
  custom:container-demuxer-ogg: 62fdf1f143b41e24485cea50d1cbac27 -> 
  custom:video-encoder-webm-vp8: eb34c28f22e8b96e1ab97ce403110664 -> 
  custom:video-decoder-webm-vp8: 9c59270c3fd7afecdb556c50c9e8de78 -> 
  custom:audio-decoder-ogg-vorbis: bf7c407c2cedff20999df2af8eb42d56 -> 
  custom:audio-encoder-webm-vorbis: bf7c407c2cedff20999df2af8eb42d56 -> 
========================================================================
Received Prepare
Refreshing native plugins compatible for Editor in 15.52 ms, found 4 plugins.
Preloading 0 native plugins for Editor in 0.00 ms.
Unloading 66 Unused Serialized files (Serialized files now loaded: 0)
System memory in use before: 88.5 MB.
System memory in use after: 88.2 MB.

Unloading 66 unused Assets to reduce memory usage. Loaded Objects now: 2566.
Total: 3.263200 ms (FindLiveObjects: 0.206100 ms CreateObjectMapping: 0.045500 ms MarkObjects: 2.623600 ms  DeleteObjects: 0.386900 ms)

AssetImportParameters requested are different than current active one (requested -> active):
  custom:framework-win-MediaFoundation: 216162199b28c13a410421893ffa2e32 -> 
  custom:video-decoder-ogg-theora: a1e56fd34408186e4bbccfd4996cb3dc -> 
  custom:container-muxer-webm: aa71ff27fc2769a1b78a27578f13a17b -> 
  custom:container-demuxer-webm: 4f35f7cbe854078d1ac9338744f61a02 -> 
  custom:container-demuxer-ogg: 62fdf1f143b41e24485cea50d1cbac27 -> 
  custom:video-encoder-webm-vp8: eb34c28f22e8b96e1ab97ce403110664 -> 
  custom:video-decoder-webm-vp8: 9c59270c3fd7afecdb556c50c9e8de78 -> 
  custom:audio-decoder-ogg-vorbis: bf7c407c2cedff20999df2af8eb42d56 -> 
  custom:audio-encoder-webm-vorbis: bf7c407c2cedff20999df2af8eb42d56 -> 
AssetImportWorkerClient::OnTransportError - code=2 error=End of file
